<?xml version="1.0" encoding="UTF-8"?>
<!-- Generated by org.testng.reporters.JUnitReportReporter -->
<testsuite hostname="rekha" failures="0" tests="5" name="Testcases.saudeTestcases" time="5.845" errors="0" timestamp="2024-02-16T00:26:58 IST" skipped="0">
  <testcase classname="Testcases.saudeTestcases" name="initialsteps" time="3.356"/>
  <system-out/>
  <testcase classname="Testcases.saudeTestcases" name="login" time="0.387"/>
  <system-out/>
  <testcase classname="Testcases.saudeTestcases" name="shop" time="1.641"/>
  <system-out/>
  <testcase classname="Testcases.saudeTestcases" name="bkhm" time="0.236"/>
  <system-out/>
  <testcase classname="Testcases.saudeTestcases" name="menuclik" time="0.225"/>
  <system-out/>
</testsuite> <!-- Testcases.saudeTestcases -->
